<?xml version="1.0" encoding="UTF-8"?>
<!-- Generated by org.testng.reporters.JUnitXMLReporter -->
<testsuite hostname="DESKTOP-013LO9D" name="Default test" tests="61" failures="0" timestamp="20 Dec 2018 02:57:12 GMT" time="23.237" errors="0">
  <testcase name="testLock1" time="18.325" classname="com.whayer.redisson.RedissonClientTest"/>
  <testcase name="testLock1" time="18.425" classname="com.whayer.redisson.RedissonClientTest"/>
  <testcase name="testLock1" time="19.256" classname="com.whayer.redisson.RedissonClientTest"/>
  <testcase name="testLock1" time="19.405" classname="com.whayer.redisson.RedissonClientTest"/>
  <testcase name="testLock1" time="19.561" classname="com.whayer.redisson.RedissonClientTest"/>
  <testcase name="testLock1" time="19.675" classname="com.whayer.redisson.RedissonClientTest"/>
  <testcase name="testLock1" time="19.689" classname="com.whayer.redisson.RedissonClientTest"/>
  <testcase name="testLock1" time="19.802" classname="com.whayer.redisson.RedissonClientTest"/>
  <testcase name="testLock1" time="19.816" classname="com.whayer.redisson.RedissonClientTest"/>
  <testcase name="testLock1" time="19.864" classname="com.whayer.redisson.RedissonClientTest"/>
  <testcase name="testLock1" time="19.907" classname="com.whayer.redisson.RedissonClientTest"/>
  <testcase name="testLock1" time="20.026" classname="com.whayer.redisson.RedissonClientTest"/>
  <testcase name="testLock1" time="20.058" classname="com.whayer.redisson.RedissonClientTest"/>
  <testcase name="testLock1" time="20.11" classname="com.whayer.redisson.RedissonClientTest"/>
  <testcase name="testLock1" time="20.261" classname="com.whayer.redisson.RedissonClientTest"/>
  <testcase name="testLock1" time="20.312" classname="com.whayer.redisson.RedissonClientTest"/>
  <testcase name="testLock1" time="20.302" classname="com.whayer.redisson.RedissonClientTest"/>
  <testcase name="testLock1" time="20.345" classname="com.whayer.redisson.RedissonClientTest"/>
  <testcase name="testLock1" time="20.489" classname="com.whayer.redisson.RedissonClientTest"/>
  <testcase name="testLock1" time="21.127" classname="com.whayer.redisson.RedissonClientTest"/>
  <testcase name="testLock1" time="21.14" classname="com.whayer.redisson.RedissonClientTest"/>
  <testcase name="testLock1" time="21.144" classname="com.whayer.redisson.RedissonClientTest"/>
  <testcase name="testLock1" time="21.223" classname="com.whayer.redisson.RedissonClientTest"/>
  <testcase name="testLock1" time="21.342" classname="com.whayer.redisson.RedissonClientTest"/>
  <testcase name="testLock1" time="21.239" classname="com.whayer.redisson.RedissonClientTest"/>
  <testcase name="testLock1" time="21.366" classname="com.whayer.redisson.RedissonClientTest"/>
  <testcase name="testLock1" time="21.273" classname="com.whayer.redisson.RedissonClientTest"/>
  <testcase name="testLock1" time="21.535" classname="com.whayer.redisson.RedissonClientTest"/>
  <testcase name="testLock1" time="21.617" classname="com.whayer.redisson.RedissonClientTest"/>
  <testcase name="testLock1" time="21.528" classname="com.whayer.redisson.RedissonClientTest"/>
  <testcase name="testLock1" time="21.532" classname="com.whayer.redisson.RedissonClientTest"/>
  <testcase name="testLock1" time="21.533" classname="com.whayer.redisson.RedissonClientTest"/>
  <testcase name="testLock1" time="21.576" classname="com.whayer.redisson.RedissonClientTest"/>
  <testcase name="testLock1" time="21.559" classname="com.whayer.redisson.RedissonClientTest"/>
  <testcase name="testLock1" time="21.592" classname="com.whayer.redisson.RedissonClientTest"/>
  <testcase name="testLock1" time="21.587" classname="com.whayer.redisson.RedissonClientTest"/>
  <testcase name="testLock1" time="21.783" classname="com.whayer.redisson.RedissonClientTest"/>
  <testcase name="testLock1" time="21.701" classname="com.whayer.redisson.RedissonClientTest"/>
  <testcase name="testLock1" time="21.722" classname="com.whayer.redisson.RedissonClientTest"/>
  <testcase name="testLock1" time="21.822" classname="com.whayer.redisson.RedissonClientTest"/>
  <testcase name="testLock1" time="21.835" classname="com.whayer.redisson.RedissonClientTest"/>
  <testcase name="testLock1" time="21.822" classname="com.whayer.redisson.RedissonClientTest"/>
  <testcase name="testLock1" time="21.851" classname="com.whayer.redisson.RedissonClientTest"/>
  <testcase name="testLock1" time="21.845" classname="com.whayer.redisson.RedissonClientTest"/>
  <testcase name="testLock1" time="21.859" classname="com.whayer.redisson.RedissonClientTest"/>
  <testcase name="testLock1" time="21.873" classname="com.whayer.redisson.RedissonClientTest"/>
  <testcase name="testLock1" time="21.827" classname="com.whayer.redisson.RedissonClientTest"/>
  <testcase name="testLock1" time="22.005" classname="com.whayer.redisson.RedissonClientTest"/>
  <testcase name="testLock1" time="21.912" classname="com.whayer.redisson.RedissonClientTest"/>
  <testcase name="testLock1" time="21.933" classname="com.whayer.redisson.RedissonClientTest"/>
  <testcase name="testLock1" time="21.944" classname="com.whayer.redisson.RedissonClientTest"/>
  <testcase name="testLock1" time="22.108" classname="com.whayer.redisson.RedissonClientTest"/>
  <testcase name="testLock1" time="22.016" classname="com.whayer.redisson.RedissonClientTest"/>
  <testcase name="testLock1" time="22.035" classname="com.whayer.redisson.RedissonClientTest"/>
  <testcase name="testLock1" time="22.042" classname="com.whayer.redisson.RedissonClientTest"/>
  <testcase name="testLock1" time="22.166" classname="com.whayer.redisson.RedissonClientTest"/>
  <testcase name="testLock1" time="22.182" classname="com.whayer.redisson.RedissonClientTest"/>
  <testcase name="testLock1" time="22.2" classname="com.whayer.redisson.RedissonClientTest"/>
  <testcase name="testLock1" time="22.213" classname="com.whayer.redisson.RedissonClientTest"/>
  <testcase name="testLock1" time="22.132" classname="com.whayer.redisson.RedissonClientTest"/>
  <testcase name="testLock2" time="0.017" classname="com.whayer.redisson.RedissonClientTest"/>
</testsuite> <!-- Default test -->
