<?xml version="1.0" encoding="UTF-8"?>
<testng-results skipped="0" failed="0" total="61" passed="61">
  <reporter-output>
  </reporter-output>
  <suite name="Default suite" duration-ms="23237" started-at="2018-12-20T02:56:49Z" finished-at="2018-12-20T02:57:12Z">
    <groups>
    </groups>
    <test name="Default test" duration-ms="23237" started-at="2018-12-20T02:56:49Z" finished-at="2018-12-20T02:57:12Z">
      <class name="com.whayer.redisson.RedissonClientTest">
        <test-method status="PASS" signature="init()[pri:0, instance:com.whayer.redisson.RedissonClientTest@2ef5e5e3]" name="init" is-config="true" duration-ms="960" started-at="2018-12-20T10:56:49Z" finished-at="2018-12-20T10:56:50Z">
          <reporter-output>
          </reporter-output>
        </test-method> <!-- init -->
        <test-method status="PASS" signature="testLock1()[pri:0, instance:com.whayer.redisson.RedissonClientTest@2ef5e5e3]" name="testLock1" duration-ms="19816" started-at="2018-12-20T10:56:50Z" finished-at="2018-12-20T10:57:10Z">
          <reporter-output>
          </reporter-output>
        </test-method> <!-- testLock1 -->
        <test-method status="PASS" signature="testLock1()[pri:0, instance:com.whayer.redisson.RedissonClientTest@2ef5e5e3]" name="testLock1" duration-ms="21342" started-at="2018-12-20T10:56:50Z" finished-at="2018-12-20T10:57:11Z">
          <reporter-output>
          </reporter-output>
        </test-method> <!-- testLock1 -->
        <test-method status="PASS" signature="testLock1()[pri:0, instance:com.whayer.redisson.RedissonClientTest@2ef5e5e3]" name="testLock1" duration-ms="19405" started-at="2018-12-20T10:56:50Z" finished-at="2018-12-20T10:57:09Z">
          <reporter-output>
          </reporter-output>
        </test-method> <!-- testLock1 -->
        <test-method status="PASS" signature="testLock1()[pri:0, instance:com.whayer.redisson.RedissonClientTest@2ef5e5e3]" name="testLock1" duration-ms="22200" started-at="2018-12-20T10:56:50Z" finished-at="2018-12-20T10:57:12Z">
          <reporter-output>
          </reporter-output>
        </test-method> <!-- testLock1 -->
        <test-method status="PASS" signature="testLock1()[pri:0, instance:com.whayer.redisson.RedissonClientTest@2ef5e5e3]" name="testLock1" duration-ms="22108" started-at="2018-12-20T10:56:50Z" finished-at="2018-12-20T10:57:12Z">
          <reporter-output>
          </reporter-output>
        </test-method> <!-- testLock1 -->
        <test-method status="PASS" signature="testLock1()[pri:0, instance:com.whayer.redisson.RedissonClientTest@2ef5e5e3]" name="testLock1" duration-ms="22005" started-at="2018-12-20T10:56:50Z" finished-at="2018-12-20T10:57:12Z">
          <reporter-output>
          </reporter-output>
        </test-method> <!-- testLock1 -->
        <test-method status="PASS" signature="testLock1()[pri:0, instance:com.whayer.redisson.RedissonClientTest@2ef5e5e3]" name="testLock1" duration-ms="19802" started-at="2018-12-20T10:56:50Z" finished-at="2018-12-20T10:57:10Z">
          <reporter-output>
          </reporter-output>
        </test-method> <!-- testLock1 -->
        <test-method status="PASS" signature="testLock1()[pri:0, instance:com.whayer.redisson.RedissonClientTest@2ef5e5e3]" name="testLock1" duration-ms="22213" started-at="2018-12-20T10:56:50Z" finished-at="2018-12-20T10:57:12Z">
          <reporter-output>
          </reporter-output>
        </test-method> <!-- testLock1 -->
        <test-method status="PASS" signature="testLock1()[pri:0, instance:com.whayer.redisson.RedissonClientTest@2ef5e5e3]" name="testLock1" duration-ms="22182" started-at="2018-12-20T10:56:50Z" finished-at="2018-12-20T10:57:12Z">
          <reporter-output>
          </reporter-output>
        </test-method> <!-- testLock1 -->
        <test-method status="PASS" signature="testLock1()[pri:0, instance:com.whayer.redisson.RedissonClientTest@2ef5e5e3]" name="testLock1" duration-ms="21366" started-at="2018-12-20T10:56:50Z" finished-at="2018-12-20T10:57:11Z">
          <reporter-output>
          </reporter-output>
        </test-method> <!-- testLock1 -->
        <test-method status="PASS" signature="testLock1()[pri:0, instance:com.whayer.redisson.RedissonClientTest@2ef5e5e3]" name="testLock1" duration-ms="21783" started-at="2018-12-20T10:56:50Z" finished-at="2018-12-20T10:57:12Z">
          <reporter-output>
          </reporter-output>
        </test-method> <!-- testLock1 -->
        <test-method status="PASS" signature="testLock1()[pri:0, instance:com.whayer.redisson.RedissonClientTest@2ef5e5e3]" name="testLock1" duration-ms="20489" started-at="2018-12-20T10:56:50Z" finished-at="2018-12-20T10:57:10Z">
          <reporter-output>
          </reporter-output>
        </test-method> <!-- testLock1 -->
        <test-method status="PASS" signature="testLock1()[pri:0, instance:com.whayer.redisson.RedissonClientTest@2ef5e5e3]" name="testLock1" duration-ms="22166" started-at="2018-12-20T10:56:50Z" finished-at="2018-12-20T10:57:12Z">
          <reporter-output>
          </reporter-output>
        </test-method> <!-- testLock1 -->
        <test-method status="PASS" signature="testLock1()[pri:0, instance:com.whayer.redisson.RedissonClientTest@2ef5e5e3]" name="testLock1" duration-ms="21617" started-at="2018-12-20T10:56:50Z" finished-at="2018-12-20T10:57:11Z">
          <reporter-output>
          </reporter-output>
        </test-method> <!-- testLock1 -->
        <test-method status="PASS" signature="testLock1()[pri:0, instance:com.whayer.redisson.RedissonClientTest@2ef5e5e3]" name="testLock1" duration-ms="19675" started-at="2018-12-20T10:56:50Z" finished-at="2018-12-20T10:57:09Z">
          <reporter-output>
          </reporter-output>
        </test-method> <!-- testLock1 -->
        <test-method status="PASS" signature="testLock1()[pri:0, instance:com.whayer.redisson.RedissonClientTest@2ef5e5e3]" name="testLock1" duration-ms="21223" started-at="2018-12-20T10:56:50Z" finished-at="2018-12-20T10:57:11Z">
          <reporter-output>
          </reporter-output>
        </test-method> <!-- testLock1 -->
        <test-method status="PASS" signature="testLock1()[pri:0, instance:com.whayer.redisson.RedissonClientTest@2ef5e5e3]" name="testLock1" duration-ms="21535" started-at="2018-12-20T10:56:50Z" finished-at="2018-12-20T10:57:11Z">
          <reporter-output>
          </reporter-output>
        </test-method> <!-- testLock1 -->
        <test-method status="PASS" signature="testLock1()[pri:0, instance:com.whayer.redisson.RedissonClientTest@2ef5e5e3]" name="testLock1" duration-ms="20312" started-at="2018-12-20T10:56:50Z" finished-at="2018-12-20T10:57:10Z">
          <reporter-output>
          </reporter-output>
        </test-method> <!-- testLock1 -->
        <test-method status="PASS" signature="testLock1()[pri:0, instance:com.whayer.redisson.RedissonClientTest@2ef5e5e3]" name="testLock1" duration-ms="21576" started-at="2018-12-20T10:56:50Z" finished-at="2018-12-20T10:57:11Z">
          <reporter-output>
          </reporter-output>
        </test-method> <!-- testLock1 -->
        <test-method status="PASS" signature="testLock1()[pri:0, instance:com.whayer.redisson.RedissonClientTest@2ef5e5e3]" name="testLock1" duration-ms="21127" started-at="2018-12-20T10:56:50Z" finished-at="2018-12-20T10:57:11Z">
          <reporter-output>
          </reporter-output>
        </test-method> <!-- testLock1 -->
        <test-method status="PASS" signature="testLock1()[pri:0, instance:com.whayer.redisson.RedissonClientTest@2ef5e5e3]" name="testLock1" duration-ms="21933" started-at="2018-12-20T10:56:50Z" finished-at="2018-12-20T10:57:12Z">
          <reporter-output>
          </reporter-output>
        </test-method> <!-- testLock1 -->
        <test-method status="PASS" signature="testLock1()[pri:0, instance:com.whayer.redisson.RedissonClientTest@2ef5e5e3]" name="testLock1" duration-ms="19907" started-at="2018-12-20T10:56:50Z" finished-at="2018-12-20T10:57:10Z">
          <reporter-output>
          </reporter-output>
        </test-method> <!-- testLock1 -->
        <test-method status="PASS" signature="testLock1()[pri:0, instance:com.whayer.redisson.RedissonClientTest@2ef5e5e3]" name="testLock1" duration-ms="21944" started-at="2018-12-20T10:56:50Z" finished-at="2018-12-20T10:57:12Z">
          <reporter-output>
          </reporter-output>
        </test-method> <!-- testLock1 -->
        <test-method status="PASS" signature="testLock1()[pri:0, instance:com.whayer.redisson.RedissonClientTest@2ef5e5e3]" name="testLock1" duration-ms="21835" started-at="2018-12-20T10:56:50Z" finished-at="2018-12-20T10:57:12Z">
          <reporter-output>
          </reporter-output>
        </test-method> <!-- testLock1 -->
        <test-method status="PASS" signature="testLock1()[pri:0, instance:com.whayer.redisson.RedissonClientTest@2ef5e5e3]" name="testLock1" duration-ms="21273" started-at="2018-12-20T10:56:50Z" finished-at="2018-12-20T10:57:11Z">
          <reporter-output>
          </reporter-output>
        </test-method> <!-- testLock1 -->
        <test-method status="PASS" signature="testLock1()[pri:0, instance:com.whayer.redisson.RedissonClientTest@2ef5e5e3]" name="testLock1" duration-ms="21592" started-at="2018-12-20T10:56:50Z" finished-at="2018-12-20T10:57:11Z">
          <reporter-output>
          </reporter-output>
        </test-method> <!-- testLock1 -->
        <test-method status="PASS" signature="testLock1()[pri:0, instance:com.whayer.redisson.RedissonClientTest@2ef5e5e3]" name="testLock1" duration-ms="20302" started-at="2018-12-20T10:56:50Z" finished-at="2018-12-20T10:57:10Z">
          <reporter-output>
          </reporter-output>
        </test-method> <!-- testLock1 -->
        <test-method status="PASS" signature="testLock1()[pri:0, instance:com.whayer.redisson.RedissonClientTest@2ef5e5e3]" name="testLock1" duration-ms="20026" started-at="2018-12-20T10:56:50Z" finished-at="2018-12-20T10:57:10Z">
          <reporter-output>
          </reporter-output>
        </test-method> <!-- testLock1 -->
        <test-method status="PASS" signature="testLock1()[pri:0, instance:com.whayer.redisson.RedissonClientTest@2ef5e5e3]" name="testLock1" duration-ms="21722" started-at="2018-12-20T10:56:50Z" finished-at="2018-12-20T10:57:12Z">
          <reporter-output>
          </reporter-output>
        </test-method> <!-- testLock1 -->
        <test-method status="PASS" signature="testLock1()[pri:0, instance:com.whayer.redisson.RedissonClientTest@2ef5e5e3]" name="testLock1" duration-ms="21851" started-at="2018-12-20T10:56:50Z" finished-at="2018-12-20T10:57:12Z">
          <reporter-output>
          </reporter-output>
        </test-method> <!-- testLock1 -->
        <test-method status="PASS" signature="testLock1()[pri:0, instance:com.whayer.redisson.RedissonClientTest@2ef5e5e3]" name="testLock1" duration-ms="21873" started-at="2018-12-20T10:56:50Z" finished-at="2018-12-20T10:57:12Z">
          <reporter-output>
          </reporter-output>
        </test-method> <!-- testLock1 -->
        <test-method status="PASS" signature="testLock1()[pri:0, instance:com.whayer.redisson.RedissonClientTest@2ef5e5e3]" name="testLock1" duration-ms="22035" started-at="2018-12-20T10:56:50Z" finished-at="2018-12-20T10:57:12Z">
          <reporter-output>
          </reporter-output>
        </test-method> <!-- testLock1 -->
        <test-method status="PASS" signature="testLock1()[pri:0, instance:com.whayer.redisson.RedissonClientTest@2ef5e5e3]" name="testLock1" duration-ms="21859" started-at="2018-12-20T10:56:50Z" finished-at="2018-12-20T10:57:12Z">
          <reporter-output>
          </reporter-output>
        </test-method> <!-- testLock1 -->
        <test-method status="PASS" signature="testLock1()[pri:0, instance:com.whayer.redisson.RedissonClientTest@2ef5e5e3]" name="testLock1" duration-ms="20261" started-at="2018-12-20T10:56:50Z" finished-at="2018-12-20T10:57:10Z">
          <reporter-output>
          </reporter-output>
        </test-method> <!-- testLock1 -->
        <test-method status="PASS" signature="testLock1()[pri:0, instance:com.whayer.redisson.RedissonClientTest@2ef5e5e3]" name="testLock1" duration-ms="21587" started-at="2018-12-20T10:56:50Z" finished-at="2018-12-20T10:57:11Z">
          <reporter-output>
          </reporter-output>
        </test-method> <!-- testLock1 -->
        <test-method status="PASS" signature="testLock1()[pri:0, instance:com.whayer.redisson.RedissonClientTest@2ef5e5e3]" name="testLock1" duration-ms="22132" started-at="2018-12-20T10:56:50Z" finished-at="2018-12-20T10:57:12Z">
          <reporter-output>
          </reporter-output>
        </test-method> <!-- testLock1 -->
        <test-method status="PASS" signature="testLock1()[pri:0, instance:com.whayer.redisson.RedissonClientTest@2ef5e5e3]" name="testLock1" duration-ms="21912" started-at="2018-12-20T10:56:50Z" finished-at="2018-12-20T10:57:12Z">
          <reporter-output>
          </reporter-output>
        </test-method> <!-- testLock1 -->
        <test-method status="PASS" signature="testLock1()[pri:0, instance:com.whayer.redisson.RedissonClientTest@2ef5e5e3]" name="testLock1" duration-ms="22016" started-at="2018-12-20T10:56:50Z" finished-at="2018-12-20T10:57:12Z">
          <reporter-output>
          </reporter-output>
        </test-method> <!-- testLock1 -->
        <test-method status="PASS" signature="testLock1()[pri:0, instance:com.whayer.redisson.RedissonClientTest@2ef5e5e3]" name="testLock1" duration-ms="19561" started-at="2018-12-20T10:56:50Z" finished-at="2018-12-20T10:57:09Z">
          <reporter-output>
          </reporter-output>
        </test-method> <!-- testLock1 -->
        <test-method status="PASS" signature="testLock1()[pri:0, instance:com.whayer.redisson.RedissonClientTest@2ef5e5e3]" name="testLock1" duration-ms="21532" started-at="2018-12-20T10:56:50Z" finished-at="2018-12-20T10:57:11Z">
          <reporter-output>
          </reporter-output>
        </test-method> <!-- testLock1 -->
        <test-method status="PASS" signature="testLock1()[pri:0, instance:com.whayer.redisson.RedissonClientTest@2ef5e5e3]" name="testLock1" duration-ms="21528" started-at="2018-12-20T10:56:50Z" finished-at="2018-12-20T10:57:11Z">
          <reporter-output>
          </reporter-output>
        </test-method> <!-- testLock1 -->
        <test-method status="PASS" signature="testLock1()[pri:0, instance:com.whayer.redisson.RedissonClientTest@2ef5e5e3]" name="testLock1" duration-ms="21559" started-at="2018-12-20T10:56:50Z" finished-at="2018-12-20T10:57:11Z">
          <reporter-output>
          </reporter-output>
        </test-method> <!-- testLock1 -->
        <test-method status="PASS" signature="testLock1()[pri:0, instance:com.whayer.redisson.RedissonClientTest@2ef5e5e3]" name="testLock1" duration-ms="19689" started-at="2018-12-20T10:56:50Z" finished-at="2018-12-20T10:57:10Z">
          <reporter-output>
          </reporter-output>
        </test-method> <!-- testLock1 -->
        <test-method status="PASS" signature="testLock1()[pri:0, instance:com.whayer.redisson.RedissonClientTest@2ef5e5e3]" name="testLock1" duration-ms="20058" started-at="2018-12-20T10:56:50Z" finished-at="2018-12-20T10:57:10Z">
          <reporter-output>
          </reporter-output>
        </test-method> <!-- testLock1 -->
        <test-method status="PASS" signature="testLock1()[pri:0, instance:com.whayer.redisson.RedissonClientTest@2ef5e5e3]" name="testLock1" duration-ms="21822" started-at="2018-12-20T10:56:50Z" finished-at="2018-12-20T10:57:12Z">
          <reporter-output>
          </reporter-output>
        </test-method> <!-- testLock1 -->
        <test-method status="PASS" signature="testLock1()[pri:0, instance:com.whayer.redisson.RedissonClientTest@2ef5e5e3]" name="testLock1" duration-ms="21239" started-at="2018-12-20T10:56:50Z" finished-at="2018-12-20T10:57:11Z">
          <reporter-output>
          </reporter-output>
        </test-method> <!-- testLock1 -->
        <test-method status="PASS" signature="testLock1()[pri:0, instance:com.whayer.redisson.RedissonClientTest@2ef5e5e3]" name="testLock1" duration-ms="21533" started-at="2018-12-20T10:56:50Z" finished-at="2018-12-20T10:57:11Z">
          <reporter-output>
          </reporter-output>
        </test-method> <!-- testLock1 -->
        <test-method status="PASS" signature="testLock1()[pri:0, instance:com.whayer.redisson.RedissonClientTest@2ef5e5e3]" name="testLock1" duration-ms="19864" started-at="2018-12-20T10:56:50Z" finished-at="2018-12-20T10:57:10Z">
          <reporter-output>
          </reporter-output>
        </test-method> <!-- testLock1 -->
        <test-method status="PASS" signature="testLock1()[pri:0, instance:com.whayer.redisson.RedissonClientTest@2ef5e5e3]" name="testLock1" duration-ms="21845" started-at="2018-12-20T10:56:50Z" finished-at="2018-12-20T10:57:12Z">
          <reporter-output>
          </reporter-output>
        </test-method> <!-- testLock1 -->
        <test-method status="PASS" signature="testLock1()[pri:0, instance:com.whayer.redisson.RedissonClientTest@2ef5e5e3]" name="testLock1" duration-ms="21701" started-at="2018-12-20T10:56:50Z" finished-at="2018-12-20T10:57:12Z">
          <reporter-output>
          </reporter-output>
        </test-method> <!-- testLock1 -->
        <test-method status="PASS" signature="testLock1()[pri:0, instance:com.whayer.redisson.RedissonClientTest@2ef5e5e3]" name="testLock1" duration-ms="21140" started-at="2018-12-20T10:56:50Z" finished-at="2018-12-20T10:57:11Z">
          <reporter-output>
          </reporter-output>
        </test-method> <!-- testLock1 -->
        <test-method status="PASS" signature="testLock1()[pri:0, instance:com.whayer.redisson.RedissonClientTest@2ef5e5e3]" name="testLock1" duration-ms="22042" started-at="2018-12-20T10:56:50Z" finished-at="2018-12-20T10:57:12Z">
          <reporter-output>
          </reporter-output>
        </test-method> <!-- testLock1 -->
        <test-method status="PASS" signature="testLock1()[pri:0, instance:com.whayer.redisson.RedissonClientTest@2ef5e5e3]" name="testLock1" duration-ms="18325" started-at="2018-12-20T10:56:50Z" finished-at="2018-12-20T10:57:08Z">
          <reporter-output>
          </reporter-output>
        </test-method> <!-- testLock1 -->
        <test-method status="PASS" signature="testLock1()[pri:0, instance:com.whayer.redisson.RedissonClientTest@2ef5e5e3]" name="testLock1" duration-ms="21822" started-at="2018-12-20T10:56:50Z" finished-at="2018-12-20T10:57:12Z">
          <reporter-output>
          </reporter-output>
        </test-method> <!-- testLock1 -->
        <test-method status="PASS" signature="testLock1()[pri:0, instance:com.whayer.redisson.RedissonClientTest@2ef5e5e3]" name="testLock1" duration-ms="20110" started-at="2018-12-20T10:56:50Z" finished-at="2018-12-20T10:57:10Z">
          <reporter-output>
          </reporter-output>
        </test-method> <!-- testLock1 -->
        <test-method status="PASS" signature="testLock1()[pri:0, instance:com.whayer.redisson.RedissonClientTest@2ef5e5e3]" name="testLock1" duration-ms="19256" started-at="2018-12-20T10:56:50Z" finished-at="2018-12-20T10:57:09Z">
          <reporter-output>
          </reporter-output>
        </test-method> <!-- testLock1 -->
        <test-method status="PASS" signature="testLock1()[pri:0, instance:com.whayer.redisson.RedissonClientTest@2ef5e5e3]" name="testLock1" duration-ms="20345" started-at="2018-12-20T10:56:50Z" finished-at="2018-12-20T10:57:10Z">
          <reporter-output>
          </reporter-output>
        </test-method> <!-- testLock1 -->
        <test-method status="PASS" signature="testLock1()[pri:0, instance:com.whayer.redisson.RedissonClientTest@2ef5e5e3]" name="testLock1" duration-ms="21144" started-at="2018-12-20T10:56:50Z" finished-at="2018-12-20T10:57:11Z">
          <reporter-output>
          </reporter-output>
        </test-method> <!-- testLock1 -->
        <test-method status="PASS" signature="testLock1()[pri:0, instance:com.whayer.redisson.RedissonClientTest@2ef5e5e3]" name="testLock1" duration-ms="18425" started-at="2018-12-20T10:56:50Z" finished-at="2018-12-20T10:57:08Z">
          <reporter-output>
          </reporter-output>
        </test-method> <!-- testLock1 -->
        <test-method status="PASS" signature="testLock1()[pri:0, instance:com.whayer.redisson.RedissonClientTest@2ef5e5e3]" name="testLock1" duration-ms="21827" started-at="2018-12-20T10:56:50Z" finished-at="2018-12-20T10:57:12Z">
          <reporter-output>
          </reporter-output>
        </test-method> <!-- testLock1 -->
        <test-method status="PASS" signature="testLock2()[pri:0, instance:com.whayer.redisson.RedissonClientTest@2ef5e5e3]" name="testLock2" duration-ms="17" started-at="2018-12-20T10:57:12Z" depends-on-methods="com.whayer.redisson.RedissonClientTest.testLock1" finished-at="2018-12-20T10:57:12Z">
          <reporter-output>
          </reporter-output>
        </test-method> <!-- testLock2 -->
      </class> <!-- com.whayer.redisson.RedissonClientTest -->
    </test> <!-- Default test -->
  </suite> <!-- Default suite -->
</testng-results>
